C51 COMPILER V9.00   ADC                                                                   11/06/2016 00:22:08 PAGE 1   


C51 COMPILER V9.00, COMPILATION OF MODULE ADC
OBJECT MODULE PLACED IN ADC.obj
COMPILER INVOKED BY: C:\Keil\C51\BIN\C51.EXE hardware\ADC.c BROWSE DEBUG OBJECTEXTEND PRINT(.\ADC.lst) OBJECT(ADC.obj)

line level    source

   1          /*---------------------------------------------------------------------*/
   2          /* --- STC MCU Limited ------------------------------------------------*/
   3          /* --- STC15F4K60S4 系列 AD转换查询方式举例----------------------------*/
   4          /* --- Mobile: (86)13922805190 ----------------------------------------*/
   5          /* --- Fax: 86-0513-55012956,55012947,55012969 ------------------------*/
   6          /* --- Tel: 86-0513-55012928,55012929,55012966-------------------------*/
   7          /* --- Web: www.STCMCU.com --------------------------------------------*/
   8          /* --- Web: www.GXWMCU.com --------------------------------------------*/
   9          /* 如果要在程序中使用此代码,请在程序中注明使用了STC的资料及程序        */
  10          /* 如果要在文章中应用此代码,请在文章中注明使用了STC的资料及程序        */
  11          /*---------------------------------------------------------------------*/
  12          
  13          //本示例在Keil开发环境下请选择Intel的8058芯片型号进行编译
  14          //若无特别说明,工作频率一般为11.0592MHz
  15          
  16          #include <STC15F2K60S2.H>
  17          #include "intrins.h"
  18          #include "ADC.h"
  19          #include "Uart1.h"
  20           
  21           
  22          #define ADC_POWER   0x80            //ADC电源控制位
  23          #define ADC_FLAG    0x10            //ADC完成标志
  24          #define ADC_START   0x08            //ADC起始控制位
  25          #define ADC_SPEEDLL 0x00            //540个时钟
  26          #define ADC_SPEEDL  0x20            //360个时钟
  27          #define ADC_SPEEDH  0x40            //180个时钟
  28          #define ADC_SPEEDHH 0x60            //90个时钟
  29          
  30          unsigned int get_votage_smooth_window = 300;
  31          unsigned int ch = 2;
  32          
  33          /*----------------------------
  34          初始化ADC
  35          ----------------------------*/
  36          void InitADC()
  37          {
  38   1          P1ASF = 0xff;                   //设置P1口为AD口
  39   1          ADC_RES = 0;                    //清除结果寄存器
  40   1          ADC_CONTR = ADC_POWER | ADC_SPEEDLL;
  41   1          Delay100ms();                       //ADC上电并延时
  42   1      }
  43          
  44           
  45          void SetVotageChanel(unsigned int v){
  46   1              ch = v;
  47   1      }
  48          void SetVotageTimes(unsigned int v_data)
  49          {
  50   1        get_votage_smooth_window =   v_data;
  51   1      }
  52          
  53          void GetPosition(){
  54   1              SendInt(getCurrentVoatage());
  55   1      } 
C51 COMPILER V9.00   ADC                                                                   11/06/2016 00:22:08 PAGE 2   

  56          unsigned long int getCurrentVoatage(){
  57   1              return GetADCResult(ch,get_votage_smooth_window);
  58   1      }
  59          
  60          /*----------------------------
  61          读取ADC结果
  62          ----------------------------*/
  63          unsigned long int GetADCResult(unsigned char ch,unsigned int ADC_smooth_window)
  64          {
  65   1          
  66   1      
  67   1              unsigned int cnt = 0;
  68   1              float v = 0.0,t=0.0;
  69   1              unsigned int temp;
  70   1          ADC_CONTR = ADC_POWER | ADC_SPEEDLL | ADC_START | ch ;//开始转换
  71   1          _nop_();_nop_();_nop_();_nop_();_nop_();_nop_();                         
  72   1          
  73   1              for(cnt = 0;cnt<ADC_smooth_window;cnt++){
  74   2                  while (!(ADC_CONTR & ADC_FLAG));             //等待转换结束(ADC_FLAG=0时一直等待，直到变为1跳出)
  75   2                      ADC_CONTR &= !ADC_FLAG;                 //关闭AD转换
  76   2                              temp =   ADC_RES& 0xFF;
  77   2                              temp = (temp << 2) | (ADC_RESL & 3);
  78   2                              t= (float)temp;
  79   2                              v += t/ADC_smooth_window;
  80   2                              ADC_RES = 0;
  81   2                              ADC_RESL = 0;
  82   2                              ADC_CONTR = ADC_POWER | ADC_SPEEDHH | ADC_START | ch ;//开始转换
  83   2                              _nop_();_nop_();_nop_();_nop_();_nop_();_nop_();    
  84   2                      }
  85   1                      
  86   1          return (unsigned long int) (v*4760.0/(1024));    //返回数据（10位AD值，ADC_RES高8位+ADC_RESL低2位） 
  87   1      }
  88          
  89           
  90          


MODULE INFORMATION:   STATIC OVERLAYABLE
   CODE SIZE        =    276    ----
   CONSTANT SIZE    =   ----    ----
   XDATA SIZE       =   ----    ----
   PDATA SIZE       =   ----    ----
   DATA SIZE        =      4      15
   IDATA SIZE       =   ----    ----
   BIT SIZE         =   ----    ----
END OF MODULE INFORMATION.


C51 COMPILATION COMPLETE.  0 WARNING(S),  0 ERROR(S)
