C51 COMPILER V9.00   MAIN                                                                  11/30/2016 15:28:36 PAGE 1   


C51 COMPILER V9.00, COMPILATION OF MODULE MAIN
OBJECT MODULE PLACED IN main.obj
COMPILER INVOKED BY: C:\Keil\C51\BIN\C51.EXE user\main.c BROWSE DEBUG OBJECTEXTEND PRINT(.\main.lst) OBJECT(main.obj)

line level    source

   1          
   2          #include <STC15F2K60S2.H>
   3          #include "public.h"
   4          #include "../hardware/Uart1.h"
   5          #include "../hardware/ADC.h"
   6          #include "../hardware/PWM.h"
   7          #include "../hardware/PID.h"
   8          
   9          void sysInit();
  10          
  11          void main()
  12          {
  13   1              EA = 1;
  14   1              sysInit(); 
  15   1          Uart1Init();
  16   1              SendString("Uart Init OK !\r\n"); 
  17   1              InitADC(); 
  18   1              SendString("ADC Init OK !\r\n");  
  19   1          PWMn_init(); //初始化pwm
  20   1              SendString("PWM Init OK !\r\n"); 
  21   1              PIDInit(); //初始化pwm
  22   1              SendString("PID Init OK !\r\n");  
  23   1          while(1){
  24   2                      if(cmd_ready()){
  25   3                              parseCMD();
  26   3                      }
  27   2                      if(isPIDEnable()){
  28   3                       PIDStart();
  29   3                       } 
  30   2       
  31   2              }
  32   1      }       
  33          
  34          void sysInit()
  35          {
  36   1          P0M0 = 0x00;
  37   1          P0M1 = 0x00;
  38   1          P1M0 = 0x00;
  39   1          P1M1 = 0x00;
  40   1          P2M0 = 0x00;
  41   1          P2M1 = 0x00;
  42   1          P3M0 = 0x00;
  43   1          P3M1 = 0x00;
  44   1          P4M0 = 0x00;
  45   1          P4M1 = 0x00;
  46   1          P5M0 = 0x00;
  47   1          P5M1 = 0x00;
  48   1          P6M0 = 0x00;
  49   1          P6M1 = 0x00;
  50   1          P7M0 = 0x00;
  51   1          P7M1 = 0x00;
  52   1      }


MODULE INFORMATION:   STATIC OVERLAYABLE
C51 COMPILER V9.00   MAIN                                                                  11/30/2016 15:28:36 PAGE 2   

   CODE SIZE        =    105    ----
   CONSTANT SIZE    =     65    ----
   XDATA SIZE       =   ----    ----
   PDATA SIZE       =   ----    ----
   DATA SIZE        =   ----    ----
   IDATA SIZE       =   ----    ----
   BIT SIZE         =   ----    ----
END OF MODULE INFORMATION.


C51 COMPILATION COMPLETE.  0 WARNING(S),  0 ERROR(S)
