Change Component Designator: Old Designator=* New Designator=*1
Change Component Designator: Old Designator=Cboot New Designator=Cboot1
Change Component Designator: Old Designator=Cbst New Designator=Cbst1
Change Component Designator: Old Designator=Ccomb New Designator=Ccomb1
Change Component Designator: Old Designator=Cd New Designator=Cd1
Change Component Designator: Old Designator=Cin New Designator=Cin1
Change Component Designator: Old Designator=Cinx New Designator=Cinx1
Change Component Designator: Old Designator=Coneg New Designator=Coneg1
Change Component Designator: Old Designator=Copos1 New Designator=Copos2
Change Component Designator: Old Designator=Copos2 New Designator=Copos3
Change Component Designator: Old Designator=Copos New Designator=Copos1
Change Component Designator: Old Designator=Cout New Designator=Cout1
Change Component Designator: Old Designator=Cpore New Designator=Cpore1
Change Component Designator: Old Designator=D0 New Designator=D8
Change Component Designator: Old Designator=L? New Designator=L1
Change Component Designator: Old Designator=P1 New Designator=P9
Change Component Designator: Old Designator=P2 New Designator=P10
Change Component Designator: Old Designator=R1 New Designator=R50
Change Component Designator: Old Designator=R2 New Designator=R51
Change Component Designator: Old Designator=RT New Designator=RT2
Change Component Designator: Old Designator=RT? New Designator=RT1
Change Component Designator: Old Designator=T? New Designator=T3
Change Component Designator: Old Designator=U1 New Designator=U10
